Using pre-set license
Built from '2020.3/staging' branch; Version is '2020.3.10f1 (297d780c91bc) revision 2719096'; Using compiler version '192528614'; Build Type 'Release'
OS: 'Windows 10 Pro; OS build 19043.1466; Version 2009; 64bit' Language: 'tr' Physical Memory: 16344 MB
BatchMode: 1, IsHumanControllingUs: 0, StartBugReporterOnCrash: 0, Is64bit: 1, IsPro: 0

 COMMAND LINE ARGUMENTS:
C:\Program Files\Unity\Hub\Editor\2020.3.10f1\Editor\Unity.exe
-adb2
-batchMode
-noUpm
-name
AssetImportWorker0
-projectPath
D:/Unity Projects/ArrowClone
-logFile
Logs/AssetImportWorker0.log
-srvPort
59572
Successfully changed project path to: D:/Unity Projects/ArrowClone
D:/Unity Projects/ArrowClone
Using Asset Import Pipeline V2.
Refreshing native plugins compatible for Editor in 24.59 ms, found 2 plugins.
Preloading 0 native plugins for Editor in 0.00 ms.
Initialize engine version: 2020.3.10f1 (297d780c91bc)
[Subsystems] Discovering subsystems at path C:/Program Files/Unity/Hub/Editor/2020.3.10f1/Editor/Data/Resources/UnitySubsystems
[Subsystems] Discovering subsystems at path D:/Unity Projects/ArrowClone/Assets
GfxDevice: creating device client; threaded=0
Direct3D:
    Version:  Direct3D 11.0 [level 11.1]
    Renderer: NVIDIA GeForce GTX 1060 6GB (ID=0x1c03)
    Vendor:   
    VRAM:     6052 MB
    Driver:   27.21.14.5671
Initialize mono
Mono path[0] = 'C:/Program Files/Unity/Hub/Editor/2020.3.10f1/Editor/Data/Managed'
Mono path[1] = 'C:/Program Files/Unity/Hub/Editor/2020.3.10f1/Editor/Data/MonoBleedingEdge/lib/mono/unityjit'
Mono config path = 'C:/Program Files/Unity/Hub/Editor/2020.3.10f1/Editor/Data/MonoBleedingEdge/etc'
Using monoOptions --debugger-agent=transport=dt_socket,embedding=1,server=y,suspend=n,address=127.0.0.1:56604
Begin MonoManager ReloadAssembly
Registering precompiled unity dll's ...
Register platform support module: C:/Program Files/Unity/Hub/Editor/2020.3.10f1/Editor/Data/PlaybackEngines/WebGLSupport/UnityEditor.WebGL.Extensions.dll
Register platform support module: C:/Program Files/Unity/Hub/Editor/2020.3.10f1/Editor/Data/PlaybackEngines/WindowsStandaloneSupport/UnityEditor.WindowsStandalone.Extensions.dll
Registered in 0.002288 seconds.
Native extension for WindowsStandalone target not found
Native extension for WebGL target not found
Refreshing native plugins compatible for Editor in 22.77 ms, found 2 plugins.
Preloading 0 native plugins for Editor in 0.00 ms.
Mono: successfully reloaded assembly
- Completed reload, in  1.841 seconds
Platform modules already initialized, skipping
Registering precompiled user dll's ...
Registered in 0.002814 seconds.
Begin MonoManager ReloadAssembly
Native extension for WindowsStandalone target not found
Native extension for WebGL target not found
Refreshing native plugins compatible for Editor in 0.30 ms, found 2 plugins.
Preloading 0 native plugins for Editor in 0.00 ms.
Mono: successfully reloaded assembly
- Completed reload, in  0.865 seconds
Platform modules already initialized, skipping
========================================================================
Worker process is ready to serve import requests
Launched and connected shader compiler UnityShaderCompiler.exe after 0.04 seconds
Refreshing native plugins compatible for Editor in 0.29 ms, found 2 plugins.
Preloading 0 native plugins for Editor in 0.00 ms.
Unloading 1456 Unused Serialized files (Serialized files now loaded: 0)
System memory in use before: 68.7 MB.
System memory in use after: 68.7 MB.

Unloading 21 unused Assets to reduce memory usage. Loaded Objects now: 1892.
Total: 1.942200 ms (FindLiveObjects: 0.158800 ms CreateObjectMapping: 0.036200 ms MarkObjects: 1.662400 ms  DeleteObjects: 0.083700 ms)

========================================================================
Received Import Request.
  path: Assets/Scripts/GameManager.cs
  artifactKey: Guid(fcae9802f61b29949bd6c956d19b7e0d) Importer(815301076,1909f56bfc062723c751e8b465ee728b)
Start importing Assets/Scripts/GameManager.cs using Guid(fcae9802f61b29949bd6c956d19b7e0d) Importer(815301076,1909f56bfc062723c751e8b465ee728b)  -> (artifact id: 'a48f4c21f7736296bac07e8104f8fcf9') in 0.041718 seconds
  Import took 0.043822 seconds .

========================================================================
Received Import Request.
  Time since last request: 699.062458 seconds.
  path: Assets/Textures/coin.png
  artifactKey: Guid(e3e3e2ac496ff7b46b7ae5d19afc4f07) Importer(815301076,1909f56bfc062723c751e8b465ee728b)
Start importing Assets/Textures/coin.png using Guid(e3e3e2ac496ff7b46b7ae5d19afc4f07) Importer(815301076,1909f56bfc062723c751e8b465ee728b)  -> (artifact id: '25e0f7d18c3ca1f8adc6fb131e507a73') in 0.072112 seconds
  Import took 0.074464 seconds .

========================================================================
Received Import Request.
  Time since last request: 9.087394 seconds.
  path: Assets/Textures/coin.png
  artifactKey: Guid(e3e3e2ac496ff7b46b7ae5d19afc4f07) Importer(815301076,1909f56bfc062723c751e8b465ee728b)
Start importing Assets/Textures/coin.png using Guid(e3e3e2ac496ff7b46b7ae5d19afc4f07) Importer(815301076,1909f56bfc062723c751e8b465ee728b)  -> (artifact id: '4193980149c92cfcdaa2dd35a5a34421') in 0.043582 seconds
  Import took 0.057093 seconds .

========================================================================
Received Prepare
Registering precompiled user dll's ...
Registered in 0.002703 seconds.
Begin MonoManager ReloadAssembly
Native extension for WindowsStandalone target not found
Native extension for WebGL target not found
Refreshing native plugins compatible for Editor in 0.28 ms, found 2 plugins.
Preloading 0 native plugins for Editor in 0.00 ms.
Mono: successfully reloaded assembly
- Completed reload, in  0.806 seconds
Platform modules already initialized, skipping
Switching build target platform(19) subTarget(0) extendedPlatform(0) -> platform(13) subTarget(537395200) extendedPlatform(0)
Refreshing native plugins compatible for Editor in 0.28 ms, found 2 plugins.
Preloading 0 native plugins for Editor in 0.00 ms.
Unloading 1441 Unused Serialized files (Serialized files now loaded: 0)
System memory in use before: 70.2 MB.
System memory in use after: 70.3 MB.

Unloading 16 unused Assets to reduce memory usage. Loaded Objects now: 1902.
Total: 1.629800 ms (FindLiveObjects: 0.156100 ms CreateObjectMapping: 0.046600 ms MarkObjects: 1.381600 ms  DeleteObjects: 0.044600 ms)

AssetImportParameters requested are different than current active one (requested -> active):
  custom:graphics/normal-map-encoding: 01000000000000000000000000000000 -> 02000000000000000000000000000000
========================================================================
Received Prepare
Registering precompiled user dll's ...
Registered in 0.002848 seconds.
Begin MonoManager ReloadAssembly
Native extension for WindowsStandalone target not found
Native extension for WebGL target not found
Refreshing native plugins compatible for Editor in 0.28 ms, found 2 plugins.
Preloading 0 native plugins for Editor in 0.00 ms.
Mono: successfully reloaded assembly
- Completed reload, in  0.772 seconds
Platform modules already initialized, skipping
Switching build target platform(19) subTarget(0) extendedPlatform(0) -> platform(13) subTarget(537395200) extendedPlatform(0)
Refreshing native plugins compatible for Editor in 0.31 ms, found 2 plugins.
Preloading 0 native plugins for Editor in 0.00 ms.
Unloading 1441 Unused Serialized files (Serialized files now loaded: 0)
System memory in use before: 70.3 MB.
System memory in use after: 70.3 MB.

Unloading 16 unused Assets to reduce memory usage. Loaded Objects now: 1905.
Total: 1.681000 ms (FindLiveObjects: 0.137100 ms CreateObjectMapping: 0.042100 ms MarkObjects: 1.462700 ms  DeleteObjects: 0.038300 ms)

AssetImportParameters requested are different than current active one (requested -> active):
  custom:graphics/normal-map-encoding: 01000000000000000000000000000000 -> 02000000000000000000000000000000
========================================================================
Received Prepare
Registering precompiled user dll's ...
Registered in 0.002749 seconds.
Begin MonoManager ReloadAssembly
Native extension for WindowsStandalone target not found
Native extension for WebGL target not found
Refreshing native plugins compatible for Editor in 0.28 ms, found 2 plugins.
Preloading 0 native plugins for Editor in 0.00 ms.
Mono: successfully reloaded assembly
- Completed reload, in  0.780 seconds
Platform modules already initialized, skipping
Switching build target platform(19) subTarget(0) extendedPlatform(0) -> platform(13) subTarget(537395200) extendedPlatform(0)
Refreshing native plugins compatible for Editor in 0.28 ms, found 2 plugins.
Preloading 0 native plugins for Editor in 0.00 ms.
Unloading 1441 Unused Serialized files (Serialized files now loaded: 0)
System memory in use before: 70.3 MB.
System memory in use after: 70.4 MB.

Unloading 16 unused Assets to reduce memory usage. Loaded Objects now: 1908.
Total: 2.092200 ms (FindLiveObjects: 0.129900 ms CreateObjectMapping: 0.033100 ms MarkObjects: 1.887700 ms  DeleteObjects: 0.040700 ms)

AssetImportParameters requested are different than current active one (requested -> active):
  custom:graphics/normal-map-encoding: 01000000000000000000000000000000 -> 02000000000000000000000000000000
========================================================================
Received Prepare
Registering precompiled user dll's ...
Registered in 0.002590 seconds.
Begin MonoManager ReloadAssembly
Native extension for WindowsStandalone target not found
Native extension for WebGL target not found
Refreshing native plugins compatible for Editor in 0.28 ms, found 2 plugins.
Preloading 0 native plugins for Editor in 0.00 ms.
Mono: successfully reloaded assembly
- Completed reload, in  0.802 seconds
Platform modules already initialized, skipping
Switching build target platform(19) subTarget(0) extendedPlatform(0) -> platform(13) subTarget(537395200) extendedPlatform(0)
Refreshing native plugins compatible for Editor in 0.28 ms, found 2 plugins.
Preloading 0 native plugins for Editor in 0.00 ms.
Unloading 1441 Unused Serialized files (Serialized files now loaded: 0)
System memory in use before: 70.3 MB.
System memory in use after: 70.4 MB.

Unloading 16 unused Assets to reduce memory usage. Loaded Objects now: 1911.
Total: 1.741200 ms (FindLiveObjects: 0.153200 ms CreateObjectMapping: 0.032200 ms MarkObjects: 1.515200 ms  DeleteObjects: 0.039900 ms)

AssetImportParameters requested are different than current active one (requested -> active):
  custom:graphics/normal-map-encoding: 01000000000000000000000000000000 -> 02000000000000000000000000000000
========================================================================
Received Prepare
Registering precompiled user dll's ...
Registered in 0.002664 seconds.
Begin MonoManager ReloadAssembly
Native extension for WindowsStandalone target not found
Native extension for WebGL target not found
Refreshing native plugins compatible for Editor in 0.29 ms, found 2 plugins.
Preloading 0 native plugins for Editor in 0.00 ms.
Mono: successfully reloaded assembly
- Completed reload, in  0.803 seconds
Platform modules already initialized, skipping
Switching build target platform(19) subTarget(0) extendedPlatform(0) -> platform(13) subTarget(537395200) extendedPlatform(0)
Refreshing native plugins compatible for Editor in 0.28 ms, found 2 plugins.
Preloading 0 native plugins for Editor in 0.00 ms.
Unloading 1441 Unused Serialized files (Serialized files now loaded: 0)
System memory in use before: 70.3 MB.
System memory in use after: 70.4 MB.

Unloading 16 unused Assets to reduce memory usage. Loaded Objects now: 1914.
Total: 1.573900 ms (FindLiveObjects: 0.114400 ms CreateObjectMapping: 0.033000 ms MarkObjects: 1.386100 ms  DeleteObjects: 0.039900 ms)

AssetImportParameters requested are different than current active one (requested -> active):
  custom:graphics/normal-map-encoding: 01000000000000000000000000000000 -> 02000000000000000000000000000000
========================================================================
Received Prepare
Registering precompiled user dll's ...
Registered in 0.002728 seconds.
Begin MonoManager ReloadAssembly
Native extension for WindowsStandalone target not found
Native extension for WebGL target not found
Refreshing native plugins compatible for Editor in 0.28 ms, found 2 plugins.
Preloading 0 native plugins for Editor in 0.00 ms.
Mono: successfully reloaded assembly
- Completed reload, in  0.796 seconds
Platform modules already initialized, skipping
Switching build target platform(19) subTarget(0) extendedPlatform(0) -> platform(13) subTarget(537395200) extendedPlatform(0)
Refreshing native plugins compatible for Editor in 0.28 ms, found 2 plugins.
Preloading 0 native plugins for Editor in 0.00 ms.
Unloading 1441 Unused Serialized files (Serialized files now loaded: 0)
System memory in use before: 70.3 MB.
System memory in use after: 70.4 MB.

Unloading 16 unused Assets to reduce memory usage. Loaded Objects now: 1917.
Total: 1.713500 ms (FindLiveObjects: 0.120800 ms CreateObjectMapping: 0.036500 ms MarkObjects: 1.516200 ms  DeleteObjects: 0.039300 ms)

AssetImportParameters requested are different than current active one (requested -> active):
  custom:graphics/normal-map-encoding: 01000000000000000000000000000000 -> 02000000000000000000000000000000
========================================================================
Received Import Request.
  Time since last request: 3297.694619 seconds.
  path: Assets/Scripts/PositiveGateController.cs
  artifactKey: Guid(e1cae3c756b3ce84f8ceb4d56aca3ca3) Importer(815301076,1909f56bfc062723c751e8b465ee728b)
Start importing Assets/Scripts/PositiveGateController.cs using Guid(e1cae3c756b3ce84f8ceb4d56aca3ca3) Importer(815301076,1909f56bfc062723c751e8b465ee728b)  -> (artifact id: '702362a939e204a5fa6bf2c5f1e3e64e') in 0.006718 seconds
  Import took 0.009011 seconds .

========================================================================
Received Import Request.
  Time since last request: 0.019524 seconds.
  path: Assets/Scripts/PositiveGateController.cs
  artifactKey: Guid(e1cae3c756b3ce84f8ceb4d56aca3ca3) Importer(815301076,1909f56bfc062723c751e8b465ee728b)
Start importing Assets/Scripts/PositiveGateController.cs using Guid(e1cae3c756b3ce84f8ceb4d56aca3ca3) Importer(815301076,1909f56bfc062723c751e8b465ee728b)  -> (artifact id: '702362a939e204a5fa6bf2c5f1e3e64e') in 0.002349 seconds
  Import took 0.004592 seconds .

========================================================================
Received Import Request.
  Time since last request: 0.156580 seconds.
  path: Assets/Scripts/PlayerManager.cs
  artifactKey: Guid(32f77c13dc31bdc4cb46c9a8a0076d38) Importer(815301076,1909f56bfc062723c751e8b465ee728b)
Start importing Assets/Scripts/PlayerManager.cs using Guid(32f77c13dc31bdc4cb46c9a8a0076d38) Importer(815301076,1909f56bfc062723c751e8b465ee728b)  -> (artifact id: 'a12f2150ea6df2d38ed754c997f66eea') in 0.005399 seconds
  Import took 0.007903 seconds .

========================================================================
Received Import Request.
  Time since last request: 0.258393 seconds.
  path: Assets/Scripts/PlayerController.cs
  artifactKey: Guid(dd1b00d1afe782f43a96644fb43359bf) Importer(815301076,1909f56bfc062723c751e8b465ee728b)
Start importing Assets/Scripts/PlayerController.cs using Guid(dd1b00d1afe782f43a96644fb43359bf) Importer(815301076,1909f56bfc062723c751e8b465ee728b)  -> (artifact id: '242c388261ca8e71b565511ae0e642be') in 0.006338 seconds
  Import took 0.008613 seconds .

========================================================================
Received Import Request.
  Time since last request: 0.395562 seconds.
  path: Assets/Scripts/NegativeGateController.cs
  artifactKey: Guid(374f1cb8ef855224f82e36da989b9c91) Importer(815301076,1909f56bfc062723c751e8b465ee728b)
Start importing Assets/Scripts/NegativeGateController.cs using Guid(374f1cb8ef855224f82e36da989b9c91) Importer(815301076,1909f56bfc062723c751e8b465ee728b)  -> (artifact id: '7be3261489d5178861a440d24de81db1') in 0.005840 seconds
  Import took 0.008315 seconds .

========================================================================
Received Import Request.
  Time since last request: 1.509183 seconds.
  path: Assets/Scripts/LevelManager.cs
  artifactKey: Guid(1c1f77ef209964a44810f1ebfef6c136) Importer(815301076,1909f56bfc062723c751e8b465ee728b)
Start importing Assets/Scripts/LevelManager.cs using Guid(1c1f77ef209964a44810f1ebfef6c136) Importer(815301076,1909f56bfc062723c751e8b465ee728b)  -> (artifact id: 'edc5cedc6d0e3c01416c367ab53d8393') in 0.005896 seconds
  Import took 0.008155 seconds .

========================================================================
Received Import Request.
  Time since last request: 0.329520 seconds.
  path: Assets/Scripts/LevelController.cs
  artifactKey: Guid(e82b4c46f55b76245b446fcb394e3681) Importer(815301076,1909f56bfc062723c751e8b465ee728b)
Start importing Assets/Scripts/LevelController.cs using Guid(e82b4c46f55b76245b446fcb394e3681) Importer(815301076,1909f56bfc062723c751e8b465ee728b)  -> (artifact id: 'baf012d0ea056459c88d4860f27b1133') in 0.004894 seconds
  Import took 0.007285 seconds .

========================================================================
Received Import Request.
  Time since last request: 1.471027 seconds.
  path: Assets/Scripts/ArrowManager.cs
  artifactKey: Guid(c54e39c965b4f2f42b9c5f82e0798fdb) Importer(815301076,1909f56bfc062723c751e8b465ee728b)
Start importing Assets/Scripts/ArrowManager.cs using Guid(c54e39c965b4f2f42b9c5f82e0798fdb) Importer(815301076,1909f56bfc062723c751e8b465ee728b)  -> (artifact id: '9bb16212087f953d684ee66e3242ff2c') in 0.004688 seconds
  Import took 0.007372 seconds .

========================================================================
Received Import Request.
  Time since last request: 0.280915 seconds.
  path: Assets/Scripts/ArrowController.cs
  artifactKey: Guid(6f319f4fecd92cd4aa1683eac8129dd2) Importer(815301076,1909f56bfc062723c751e8b465ee728b)
Start importing Assets/Scripts/ArrowController.cs using Guid(6f319f4fecd92cd4aa1683eac8129dd2) Importer(815301076,1909f56bfc062723c751e8b465ee728b)  -> (artifact id: '365003aa030ad8cc6e49787774dd476b') in 0.005260 seconds
  Import took 0.007797 seconds .

========================================================================
Received Import Request.
  Time since last request: 14.731899 seconds.
  path: Assets/Scripts/CanvasManager.cs
  artifactKey: Guid(bd713be4485813449a86920c98794861) Importer(815301076,1909f56bfc062723c751e8b465ee728b)
Start importing Assets/Scripts/CanvasManager.cs using Guid(bd713be4485813449a86920c98794861) Importer(815301076,1909f56bfc062723c751e8b465ee728b)  -> (artifact id: '33a617b77254ed082ddc1c80fdac72e7') in 0.005661 seconds
  Import took 0.008441 seconds .

========================================================================
Received Prepare
Registering precompiled user dll's ...
Registered in 0.002778 seconds.
Begin MonoManager ReloadAssembly
Native extension for WindowsStandalone target not found
Native extension for WebGL target not found
Refreshing native plugins compatible for Editor in 0.35 ms, found 2 plugins.
Preloading 0 native plugins for Editor in 0.00 ms.
Mono: successfully reloaded assembly
- Completed reload, in  0.828 seconds
Platform modules already initialized, skipping
Switching build target platform(19) subTarget(0) extendedPlatform(0) -> platform(13) subTarget(537395200) extendedPlatform(0)
Refreshing native plugins compatible for Editor in 0.28 ms, found 2 plugins.
Preloading 0 native plugins for Editor in 0.00 ms.
Unloading 1442 Unused Serialized files (Serialized files now loaded: 0)
System memory in use before: 70.4 MB.
System memory in use after: 70.5 MB.

Unloading 16 unused Assets to reduce memory usage. Loaded Objects now: 1921.
Total: 1.779500 ms (FindLiveObjects: 0.133700 ms CreateObjectMapping: 0.033400 ms MarkObjects: 1.571400 ms  DeleteObjects: 0.039900 ms)

AssetImportParameters requested are different than current active one (requested -> active):
  custom:graphics/normal-map-encoding: 01000000000000000000000000000000 -> 02000000000000000000000000000000
========================================================================
Received Prepare
Registering precompiled user dll's ...
Registered in 0.002696 seconds.
Begin MonoManager ReloadAssembly
Native extension for WindowsStandalone target not found
Native extension for WebGL target not found
Refreshing native plugins compatible for Editor in 0.29 ms, found 2 plugins.
Preloading 0 native plugins for Editor in 0.00 ms.
Mono: successfully reloaded assembly
- Completed reload, in  0.822 seconds
Platform modules already initialized, skipping
Switching build target platform(19) subTarget(0) extendedPlatform(0) -> platform(13) subTarget(537395200) extendedPlatform(0)
Refreshing native plugins compatible for Editor in 0.33 ms, found 2 plugins.
Preloading 0 native plugins for Editor in 0.00 ms.
Unloading 1442 Unused Serialized files (Serialized files now loaded: 0)
System memory in use before: 70.4 MB.
System memory in use after: 70.5 MB.

Unloading 16 unused Assets to reduce memory usage. Loaded Objects now: 1924.
Total: 1.769000 ms (FindLiveObjects: 0.160600 ms CreateObjectMapping: 0.035100 ms MarkObjects: 1.527500 ms  DeleteObjects: 0.045100 ms)

AssetImportParameters requested are different than current active one (requested -> active):
  custom:graphics/normal-map-encoding: 01000000000000000000000000000000 -> 02000000000000000000000000000000
========================================================================
Received Prepare
Registering precompiled user dll's ...
Registered in 0.002718 seconds.
Begin MonoManager ReloadAssembly
Native extension for WindowsStandalone target not found
Native extension for WebGL target not found
Refreshing native plugins compatible for Editor in 0.28 ms, found 2 plugins.
Preloading 0 native plugins for Editor in 0.00 ms.
Mono: successfully reloaded assembly
- Completed reload, in  0.813 seconds
Platform modules already initialized, skipping
Switching build target platform(19) subTarget(0) extendedPlatform(0) -> platform(13) subTarget(537395200) extendedPlatform(0)
Refreshing native plugins compatible for Editor in 0.36 ms, found 2 plugins.
Preloading 0 native plugins for Editor in 0.00 ms.
Unloading 1442 Unused Serialized files (Serialized files now loaded: 0)
System memory in use before: 70.4 MB.
System memory in use after: 70.5 MB.

Unloading 16 unused Assets to reduce memory usage. Loaded Objects now: 1927.
Total: 1.833400 ms (FindLiveObjects: 0.134500 ms CreateObjectMapping: 0.035000 ms MarkObjects: 1.623900 ms  DeleteObjects: 0.039300 ms)

AssetImportParameters requested are different than current active one (requested -> active):
  custom:graphics/normal-map-encoding: 01000000000000000000000000000000 -> 02000000000000000000000000000000
========================================================================
Received Import Request.
  Time since last request: 798.007656 seconds.
  path: Assets/Scripts/InGamePanelController.cs
  artifactKey: Guid(37c079ba0c5132a40b98cd06f234d41c) Importer(815301076,1909f56bfc062723c751e8b465ee728b)
Start importing Assets/Scripts/InGamePanelController.cs using Guid(37c079ba0c5132a40b98cd06f234d41c) Importer(815301076,1909f56bfc062723c751e8b465ee728b)  -> (artifact id: 'd9787b55bceea52c76279f9448d9eb0f') in 0.009161 seconds
  Import took 0.012428 seconds .

========================================================================
Received Prepare
Registering precompiled user dll's ...
Registered in 0.002689 seconds.
Begin MonoManager ReloadAssembly
Native extension for WindowsStandalone target not found
Native extension for WebGL target not found
Refreshing native plugins compatible for Editor in 0.28 ms, found 2 plugins.
Preloading 0 native plugins for Editor in 0.00 ms.
Mono: successfully reloaded assembly
- Completed reload, in  0.821 seconds
Platform modules already initialized, skipping
Switching build target platform(19) subTarget(0) extendedPlatform(0) -> platform(13) subTarget(537395200) extendedPlatform(0)
Refreshing native plugins compatible for Editor in 0.28 ms, found 2 plugins.
Preloading 0 native plugins for Editor in 0.00 ms.
Unloading 1443 Unused Serialized files (Serialized files now loaded: 0)
System memory in use before: 70.4 MB.
System memory in use after: 70.5 MB.

Unloading 16 unused Assets to reduce memory usage. Loaded Objects now: 1931.
Total: 1.762700 ms (FindLiveObjects: 0.134600 ms CreateObjectMapping: 0.033800 ms MarkObjects: 1.549400 ms  DeleteObjects: 0.044000 ms)

AssetImportParameters requested are different than current active one (requested -> active):
  custom:graphics/normal-map-encoding: 01000000000000000000000000000000 -> 02000000000000000000000000000000
========================================================================
Received Import Request.
  Time since last request: 39.040012 seconds.
  path: Assets/Scripts/LevelPassPanelController.cs
  artifactKey: Guid(46586ff3f3b34fc4ebafa4e7c803a8d0) Importer(815301076,1909f56bfc062723c751e8b465ee728b)
Start importing Assets/Scripts/LevelPassPanelController.cs using Guid(46586ff3f3b34fc4ebafa4e7c803a8d0) Importer(815301076,1909f56bfc062723c751e8b465ee728b)  -> (artifact id: '03412b0541d7e2d965f361703a753ef2') in 0.008533 seconds
  Import took 0.011459 seconds .

========================================================================
Received Prepare
Registering precompiled user dll's ...
Registered in 0.002692 seconds.
Begin MonoManager ReloadAssembly
Native extension for WindowsStandalone target not found
Native extension for WebGL target not found
Refreshing native plugins compatible for Editor in 0.28 ms, found 2 plugins.
Preloading 0 native plugins for Editor in 0.00 ms.
Mono: successfully reloaded assembly
- Completed reload, in  0.850 seconds
Platform modules already initialized, skipping
Switching build target platform(19) subTarget(0) extendedPlatform(0) -> platform(13) subTarget(537395200) extendedPlatform(0)
Refreshing native plugins compatible for Editor in 0.28 ms, found 2 plugins.
Preloading 0 native plugins for Editor in 0.00 ms.
Unloading 1444 Unused Serialized files (Serialized files now loaded: 0)
System memory in use before: 70.4 MB.
System memory in use after: 70.5 MB.

Unloading 16 unused Assets to reduce memory usage. Loaded Objects now: 1935.
Total: 1.951900 ms (FindLiveObjects: 0.134500 ms CreateObjectMapping: 0.032200 ms MarkObjects: 1.702500 ms  DeleteObjects: 0.081900 ms)

AssetImportParameters requested are different than current active one (requested -> active):
  custom:graphics/normal-map-encoding: 01000000000000000000000000000000 -> 02000000000000000000000000000000
========================================================================
Received Import Request.
  Time since last request: 14.658326 seconds.
  path: Assets/Scripts/FailPanelController.cs
  artifactKey: Guid(7aadb464c4f8d644ea066983f092b9bf) Importer(815301076,1909f56bfc062723c751e8b465ee728b)
Start importing Assets/Scripts/FailPanelController.cs using Guid(7aadb464c4f8d644ea066983f092b9bf) Importer(815301076,1909f56bfc062723c751e8b465ee728b)  -> (artifact id: '5607ed6ae9253c863f127ec087018795') in 0.008280 seconds
  Import took 0.011294 seconds .

========================================================================
Received Prepare
Registering precompiled user dll's ...
Registered in 0.002570 seconds.
Begin MonoManager ReloadAssembly
Native extension for WindowsStandalone target not found
Native extension for WebGL target not found
Refreshing native plugins compatible for Editor in 0.29 ms, found 2 plugins.
Preloading 0 native plugins for Editor in 0.00 ms.
Mono: successfully reloaded assembly
- Completed reload, in  0.846 seconds
Platform modules already initialized, skipping
Switching build target platform(19) subTarget(0) extendedPlatform(0) -> platform(13) subTarget(537395200) extendedPlatform(0)
Refreshing native plugins compatible for Editor in 0.28 ms, found 2 plugins.
Preloading 0 native plugins for Editor in 0.00 ms.
Unloading 1445 Unused Serialized files (Serialized files now loaded: 0)
System memory in use before: 70.5 MB.
System memory in use after: 70.5 MB.

Unloading 16 unused Assets to reduce memory usage. Loaded Objects now: 1939.
Total: 1.501400 ms (FindLiveObjects: 0.118100 ms CreateObjectMapping: 0.034200 ms MarkObjects: 1.309300 ms  DeleteObjects: 0.039200 ms)

AssetImportParameters requested are different than current active one (requested -> active):
  custom:graphics/normal-map-encoding: 01000000000000000000000000000000 -> 02000000000000000000000000000000
========================================================================
Received Prepare
Registering precompiled user dll's ...
Registered in 0.002826 seconds.
Begin MonoManager ReloadAssembly
Native extension for WindowsStandalone target not found
Native extension for WebGL target not found
Refreshing native plugins compatible for Editor in 0.30 ms, found 2 plugins.
Preloading 0 native plugins for Editor in 0.00 ms.
Mono: successfully reloaded assembly
- Completed reload, in  0.868 seconds
Platform modules already initialized, skipping
Switching build target platform(19) subTarget(0) extendedPlatform(0) -> platform(13) subTarget(537395200) extendedPlatform(0)
Refreshing native plugins compatible for Editor in 0.29 ms, found 2 plugins.
Preloading 0 native plugins for Editor in 0.00 ms.
Unloading 1445 Unused Serialized files (Serialized files now loaded: 0)
System memory in use before: 70.5 MB.
System memory in use after: 70.5 MB.

Unloading 16 unused Assets to reduce memory usage. Loaded Objects now: 1942.
Total: 2.023500 ms (FindLiveObjects: 0.134400 ms CreateObjectMapping: 0.033100 ms MarkObjects: 1.814400 ms  DeleteObjects: 0.040700 ms)

AssetImportParameters requested are different than current active one (requested -> active):
  custom:graphics/normal-map-encoding: 01000000000000000000000000000000 -> 02000000000000000000000000000000
========================================================================
Received Import Request.
  Time since last request: 49.615051 seconds.
  path: Assets/Scripts/CanvasController.cs
  artifactKey: Guid(b4ebfa6476b440d4786235cf82e317cd) Importer(815301076,1909f56bfc062723c751e8b465ee728b)
Start importing Assets/Scripts/CanvasController.cs using Guid(b4ebfa6476b440d4786235cf82e317cd) Importer(815301076,1909f56bfc062723c751e8b465ee728b)  -> (artifact id: 'ac577d69400eecdee720f4c082fd73d2') in 0.008126 seconds
  Import took 0.010937 seconds .

========================================================================
Received Prepare
Registering precompiled user dll's ...
Registered in 0.002624 seconds.
Begin MonoManager ReloadAssembly
Native extension for WindowsStandalone target not found
Native extension for WebGL target not found
Refreshing native plugins compatible for Editor in 0.29 ms, found 2 plugins.
Preloading 0 native plugins for Editor in 0.00 ms.
Mono: successfully reloaded assembly
- Completed reload, in  0.858 seconds
Platform modules already initialized, skipping
Switching build target platform(19) subTarget(0) extendedPlatform(0) -> platform(13) subTarget(537395200) extendedPlatform(0)
Refreshing native plugins compatible for Editor in 0.28 ms, found 2 plugins.
Preloading 0 native plugins for Editor in 0.00 ms.
Unloading 1446 Unused Serialized files (Serialized files now loaded: 0)
System memory in use before: 70.5 MB.
System memory in use after: 70.6 MB.

Unloading 16 unused Assets to reduce memory usage. Loaded Objects now: 1946.
Total: 1.677500 ms (FindLiveObjects: 0.112100 ms CreateObjectMapping: 0.032000 ms MarkObjects: 1.492900 ms  DeleteObjects: 0.040000 ms)

AssetImportParameters requested are different than current active one (requested -> active):
  custom:graphics/normal-map-encoding: 01000000000000000000000000000000 -> 02000000000000000000000000000000
========================================================================
Received Prepare
Registering precompiled user dll's ...
Registered in 0.003109 seconds.
Begin MonoManager ReloadAssembly
Native extension for WindowsStandalone target not found
Native extension for WebGL target not found
Refreshing native plugins compatible for Editor in 0.28 ms, found 2 plugins.
Preloading 0 native plugins for Editor in 0.00 ms.
Mono: successfully reloaded assembly
- Completed reload, in  0.849 seconds
Platform modules already initialized, skipping
Switching build target platform(19) subTarget(0) extendedPlatform(0) -> platform(13) subTarget(537395200) extendedPlatform(0)
Refreshing native plugins compatible for Editor in 0.28 ms, found 2 plugins.
Preloading 0 native plugins for Editor in 0.00 ms.
Unloading 1446 Unused Serialized files (Serialized files now loaded: 0)
System memory in use before: 70.5 MB.
System memory in use after: 70.6 MB.

Unloading 16 unused Assets to reduce memory usage. Loaded Objects now: 1949.
Total: 1.648800 ms (FindLiveObjects: 0.125700 ms CreateObjectMapping: 0.038800 ms MarkObjects: 1.441200 ms  DeleteObjects: 0.041900 ms)

AssetImportParameters requested are different than current active one (requested -> active):
  custom:graphics/normal-map-encoding: 01000000000000000000000000000000 -> 02000000000000000000000000000000
========================================================================
Received Import Request.
  Time since last request: 29.746695 seconds.
  path: Assets/Scripts/CanvasController.cs
  artifactKey: Guid(b4ebfa6476b440d4786235cf82e317cd) Importer(815301076,1909f56bfc062723c751e8b465ee728b)
Start importing Assets/Scripts/CanvasController.cs using Guid(b4ebfa6476b440d4786235cf82e317cd) Importer(815301076,1909f56bfc062723c751e8b465ee728b)  -> (artifact id: '68ec800f20678c153ece476b79160d5e') in 0.003473 seconds
  Import took 0.005430 seconds .

========================================================================
Received Import Request.
  Time since last request: 5.012733 seconds.
  path: Assets/Scripts/UI
  artifactKey: Guid(b6eb3b23c6ba59942a4bf31ec9f5ae7f) Importer(815301076,1909f56bfc062723c751e8b465ee728b)
Start importing Assets/Scripts/UI using Guid(b6eb3b23c6ba59942a4bf31ec9f5ae7f) Importer(815301076,1909f56bfc062723c751e8b465ee728b)  -> (artifact id: '57bd7de90e55a51ff95c738cec38af0b') in 0.004873 seconds
  Import took 0.007319 seconds .

========================================================================
Received Prepare
Registering precompiled user dll's ...
Registered in 0.002775 seconds.
Begin MonoManager ReloadAssembly
Native extension for WindowsStandalone target not found
Native extension for WebGL target not found
Refreshing native plugins compatible for Editor in 0.32 ms, found 2 plugins.
Preloading 0 native plugins for Editor in 0.00 ms.
Mono: successfully reloaded assembly
- Completed reload, in  0.895 seconds
Platform modules already initialized, skipping
Switching build target platform(19) subTarget(0) extendedPlatform(0) -> platform(13) subTarget(537395200) extendedPlatform(0)
Refreshing native plugins compatible for Editor in 0.28 ms, found 2 plugins.
Preloading 0 native plugins for Editor in 0.00 ms.
Unloading 1446 Unused Serialized files (Serialized files now loaded: 0)
System memory in use before: 70.5 MB.
System memory in use after: 70.6 MB.

Unloading 16 unused Assets to reduce memory usage. Loaded Objects now: 1952.
Total: 1.670000 ms (FindLiveObjects: 0.116000 ms CreateObjectMapping: 0.032700 ms MarkObjects: 1.480700 ms  DeleteObjects: 0.039800 ms)

AssetImportParameters requested are different than current active one (requested -> active):
  custom:graphics/normal-map-encoding: 01000000000000000000000000000000 -> 02000000000000000000000000000000
========================================================================
Received Prepare
Registering precompiled user dll's ...
Registered in 0.003364 seconds.
Begin MonoManager ReloadAssembly
Native extension for WindowsStandalone target not found
Native extension for WebGL target not found
Refreshing native plugins compatible for Editor in 0.28 ms, found 2 plugins.
Preloading 0 native plugins for Editor in 0.00 ms.
Mono: successfully reloaded assembly
- Completed reload, in  0.869 seconds
Platform modules already initialized, skipping
Switching build target platform(19) subTarget(0) extendedPlatform(0) -> platform(13) subTarget(537395200) extendedPlatform(0)
Refreshing native plugins compatible for Editor in 0.36 ms, found 2 plugins.
Preloading 0 native plugins for Editor in 0.00 ms.
Unloading 1446 Unused Serialized files (Serialized files now loaded: 0)
System memory in use before: 70.5 MB.
System memory in use after: 70.6 MB.

Unloading 16 unused Assets to reduce memory usage. Loaded Objects now: 1955.
Total: 1.724900 ms (FindLiveObjects: 0.123600 ms CreateObjectMapping: 0.036400 ms MarkObjects: 1.520600 ms  DeleteObjects: 0.043700 ms)

AssetImportParameters requested are different than current active one (requested -> active):
  custom:graphics/normal-map-encoding: 01000000000000000000000000000000 -> 02000000000000000000000000000000
========================================================================
Received Import Request.
  Time since last request: 131.351684 seconds.
  path: Assets/Scripts/UI/FailPanelController.cs
  artifactKey: Guid(7aadb464c4f8d644ea066983f092b9bf) Importer(815301076,1909f56bfc062723c751e8b465ee728b)
Start importing Assets/Scripts/UI/FailPanelController.cs using Guid(7aadb464c4f8d644ea066983f092b9bf) Importer(815301076,1909f56bfc062723c751e8b465ee728b)  -> (artifact id: '06ab25a776eaf7412f240563f8a265af') in 0.003555 seconds
  Import took 0.005398 seconds .

========================================================================
Received Prepare
Registering precompiled user dll's ...
Registered in 0.003314 seconds.
Begin MonoManager ReloadAssembly
Native extension for WindowsStandalone target not found
Native extension for WebGL target not found
Refreshing native plugins compatible for Editor in 0.28 ms, found 2 plugins.
Preloading 0 native plugins for Editor in 0.00 ms.
Mono: successfully reloaded assembly
- Completed reload, in  0.897 seconds
Platform modules already initialized, skipping
Switching build target platform(19) subTarget(0) extendedPlatform(0) -> platform(13) subTarget(537395200) extendedPlatform(0)
Refreshing native plugins compatible for Editor in 0.30 ms, found 2 plugins.
Preloading 0 native plugins for Editor in 0.00 ms.
Unloading 1446 Unused Serialized files (Serialized files now loaded: 0)
System memory in use before: 70.5 MB.
System memory in use after: 70.6 MB.

Unloading 16 unused Assets to reduce memory usage. Loaded Objects now: 1958.
Total: 1.850800 ms (FindLiveObjects: 0.143900 ms CreateObjectMapping: 0.038500 ms MarkObjects: 1.625000 ms  DeleteObjects: 0.042500 ms)

AssetImportParameters requested are different than current active one (requested -> active):
  custom:graphics/normal-map-encoding: 01000000000000000000000000000000 -> 02000000000000000000000000000000
========================================================================
Received Import Request.
  Time since last request: 29.724564 seconds.
  path: Assets/Scripts/UI/LevelPassPanelController.cs
  artifactKey: Guid(46586ff3f3b34fc4ebafa4e7c803a8d0) Importer(815301076,1909f56bfc062723c751e8b465ee728b)
Start importing Assets/Scripts/UI/LevelPassPanelController.cs using Guid(46586ff3f3b34fc4ebafa4e7c803a8d0) Importer(815301076,1909f56bfc062723c751e8b465ee728b)  -> (artifact id: '7b682b97d61f98107a5b762fe47dce93') in 0.003306 seconds
  Import took 0.005142 seconds .

========================================================================
Received Prepare
Registering precompiled user dll's ...
Registered in 0.002686 seconds.
Begin MonoManager ReloadAssembly
Native extension for WindowsStandalone target not found
Native extension for WebGL target not found
Refreshing native plugins compatible for Editor in 0.27 ms, found 2 plugins.
Preloading 0 native plugins for Editor in 0.00 ms.
Mono: successfully reloaded assembly
- Completed reload, in  0.879 seconds
Platform modules already initialized, skipping
Switching build target platform(19) subTarget(0) extendedPlatform(0) -> platform(13) subTarget(537395200) extendedPlatform(0)
Refreshing native plugins compatible for Editor in 0.27 ms, found 2 plugins.
Preloading 0 native plugins for Editor in 0.00 ms.
Unloading 1446 Unused Serialized files (Serialized files now loaded: 0)
System memory in use before: 70.5 MB.
System memory in use after: 70.6 MB.

Unloading 16 unused Assets to reduce memory usage. Loaded Objects now: 1961.
Total: 1.539300 ms (FindLiveObjects: 0.121000 ms CreateObjectMapping: 0.032200 ms MarkObjects: 1.345900 ms  DeleteObjects: 0.039600 ms)

AssetImportParameters requested are different than current active one (requested -> active):
  custom:graphics/normal-map-encoding: 01000000000000000000000000000000 -> 02000000000000000000000000000000
========================================================================
Received Import Request.
  Time since last request: 199.656382 seconds.
  path: Assets/Scripts/UI/InGamePanelController.cs
  artifactKey: Guid(37c079ba0c5132a40b98cd06f234d41c) Importer(815301076,1909f56bfc062723c751e8b465ee728b)
Start importing Assets/Scripts/UI/InGamePanelController.cs using Guid(37c079ba0c5132a40b98cd06f234d41c) Importer(815301076,1909f56bfc062723c751e8b465ee728b)  -> (artifact id: 'c78993fcf8533f2bb03b570e37582f07') in 0.003432 seconds
  Import took 0.025936 seconds .

========================================================================
Received Prepare
Registering precompiled user dll's ...
Registered in 0.003299 seconds.
Begin MonoManager ReloadAssembly
Native extension for WindowsStandalone target not found
Native extension for WebGL target not found
Refreshing native plugins compatible for Editor in 0.28 ms, found 2 plugins.
Preloading 0 native plugins for Editor in 0.00 ms.
Mono: successfully reloaded assembly
- Completed reload, in  0.880 seconds
Platform modules already initialized, skipping
Switching build target platform(19) subTarget(0) extendedPlatform(0) -> platform(13) subTarget(537395200) extendedPlatform(0)
Refreshing native plugins compatible for Editor in 0.28 ms, found 2 plugins.
Preloading 0 native plugins for Editor in 0.00 ms.
Unloading 1446 Unused Serialized files (Serialized files now loaded: 0)
System memory in use before: 70.5 MB.
System memory in use after: 70.6 MB.

Unloading 16 unused Assets to reduce memory usage. Loaded Objects now: 1964.
Total: 1.607700 ms (FindLiveObjects: 0.189700 ms CreateObjectMapping: 0.040700 ms MarkObjects: 1.333400 ms  DeleteObjects: 0.043200 ms)

AssetImportParameters requested are different than current active one (requested -> active):
  custom:graphics/normal-map-encoding: 01000000000000000000000000000000 -> 02000000000000000000000000000000
========================================================================
Received Import Request.
  Time since last request: 542.826849 seconds.
  path: Assets/Scripts/UI/InGamePanelController.cs
  artifactKey: Guid(37c079ba0c5132a40b98cd06f234d41c) Importer(815301076,1909f56bfc062723c751e8b465ee728b)
Start importing Assets/Scripts/UI/InGamePanelController.cs using Guid(37c079ba0c5132a40b98cd06f234d41c) Importer(815301076,1909f56bfc062723c751e8b465ee728b)  -> (artifact id: 'cfe7108ae588d16ec2e64771cac6f092') in 0.003743 seconds
  Import took 0.008284 seconds .

AssetImportWorkerClient::OnTransportError - code=2 error=End of file
